2024-09-18 17:19:52,116 [INFO] com.training.task.TaskApplication [restartedMain] Starting TaskApplication using Java 21.0.3 with PID 15428 (D:\task-backend\target\classes started by stephin.t in D:\task-backend)
2024-09-18 17:19:52,116 [INFO] com.training.task.TaskApplication [restartedMain] No active profile set, falling back to 1 default profile: "default"
2024-09-18 17:19:52,284 [INFO] org.springframework.data.repository.config.RepositoryConfigurationDelegate [restartedMain] Bootstrapping Spring Data JPA repositories in DEFAULT mode.
2024-09-18 17:19:52,305 [INFO] org.springframework.data.repository.config.RepositoryConfigurationDelegate [restartedMain] Finished Spring Data repository scanning in 20 ms. Found 5 JPA repository interfaces.
2024-09-18 17:19:52,443 [INFO] org.springframework.boot.web.embedded.tomcat.TomcatWebServer [restartedMain] Tomcat initialized with port 8080 (http)
2024-09-18 17:19:52,444 [INFO] org.apache.catalina.core.StandardService [restartedMain] Starting service [Tomcat]
2024-09-18 17:19:52,445 [INFO] org.apache.catalina.core.StandardEngine [restartedMain] Starting Servlet engine: [Apache Tomcat/10.1.28]
2024-09-18 17:19:52,472 [INFO] org.apache.catalina.core.ContainerBase.[Tomcat].[localhost].[/] [restartedMain] Initializing Spring embedded WebApplicationContext
2024-09-18 17:19:52,472 [INFO] org.springframework.boot.web.servlet.context.ServletWebServerApplicationContext [restartedMain] Root WebApplicationContext: initialization completed in 353 ms
2024-09-18 17:19:52,531 [INFO] org.hibernate.jpa.internal.util.LogHelper [restartedMain] HHH000204: Processing PersistenceUnitInfo [name: default]
2024-09-18 17:19:52,533 [INFO] org.hibernate.cache.internal.RegionFactoryInitiator [restartedMain] HHH000026: Second-level cache disabled
2024-09-18 17:19:52,541 [INFO] org.springframework.orm.jpa.persistenceunit.SpringPersistenceUnitInfo [restartedMain] No LoadTimeWeaver setup: ignoring JPA class transformer
2024-09-18 17:19:52,542 [INFO] com.zaxxer.hikari.HikariDataSource [restartedMain] HikariPool-2 - Starting...
2024-09-18 17:19:52,566 [INFO] com.zaxxer.hikari.pool.HikariPool [restartedMain] HikariPool-2 - Added connection com.mysql.cj.jdbc.ConnectionImpl@701e1d3f
2024-09-18 17:19:52,566 [INFO] com.zaxxer.hikari.HikariDataSource [restartedMain] HikariPool-2 - Start completed.
2024-09-18 17:19:52,568 [WARN] org.hibernate.orm.deprecation [restartedMain] HHH90000025: MySQLDialect does not need to be specified explicitly using 'hibernate.dialect' (remove the property setting and it will be selected by default)
2024-09-18 17:19:52,654 [INFO] org.hibernate.engine.transaction.jta.platform.internal.JtaPlatformInitiator [restartedMain] HHH000489: No JTA platform available (set 'hibernate.transaction.jta.platform' to enable JTA platform integration)
2024-09-18 17:19:52,681 [INFO] org.springframework.orm.jpa.LocalContainerEntityManagerFactoryBean [restartedMain] Initialized JPA EntityManagerFactory for persistence unit 'default'
2024-09-18 17:19:52,832 [WARN] org.springframework.boot.autoconfigure.orm.jpa.JpaBaseConfiguration$JpaWebConfiguration [restartedMain] spring.jpa.open-in-view is enabled by default. Therefore, database queries may be performed during view rendering. Explicitly configure spring.jpa.open-in-view to disable this warning
2024-09-18 17:19:52,846 [INFO] org.springframework.security.config.annotation.authentication.configuration.InitializeAuthenticationProviderBeanManagerConfigurer$InitializeAuthenticationProviderManagerConfigurer [restartedMain] Global AuthenticationManager configured with AuthenticationProvider bean with name authenticationProvider
2024-09-18 17:19:52,847 [WARN] org.springframework.security.config.annotation.authentication.configuration.InitializeUserDetailsBeanManagerConfigurer$InitializeUserDetailsManagerConfigurer [restartedMain] Global AuthenticationManager configured with an AuthenticationProvider bean. UserDetailsService beans will not be used for username/password login. Consider removing the AuthenticationProvider bean. Alternatively, consider using the UserDetailsService in a manually instantiated DaoAuthenticationProvider.
2024-09-18 17:19:53,128 [INFO] org.springframework.boot.devtools.autoconfigure.OptionalLiveReloadServer [restartedMain] LiveReload server is running on port 35729
2024-09-18 17:19:53,145 [INFO] org.springframework.boot.web.embedded.tomcat.TomcatWebServer [restartedMain] Tomcat started on port 8080 (http) with context path '/'
2024-09-18 17:19:53,147 [INFO] com.training.task.TaskApplication [restartedMain] Started TaskApplication in 1.065 seconds (process running for 1183.456)
2024-09-18 17:19:53,149 [INFO] org.springframework.boot.devtools.autoconfigure.ConditionEvaluationDeltaLoggingListener [restartedMain] Condition evaluation unchanged
2024-09-18 17:20:50,723 [INFO] org.springframework.boot.devtools.autoconfigure.LocalDevToolsAutoConfiguration$RestartingClassPathChangeChangedEventListener [File Watcher] Restarting due to 1 class path change (0 additions, 0 deletions, 1 modification)
2024-09-18 17:20:50,752 [INFO] org.springframework.orm.jpa.LocalContainerEntityManagerFactoryBean [Thread-7] Closing JPA EntityManagerFactory for persistence unit 'default'
2024-09-18 17:20:50,753 [INFO] com.zaxxer.hikari.HikariDataSource [Thread-7] HikariPool-2 - Shutdown initiated...
2024-09-18 17:20:50,759 [INFO] com.zaxxer.hikari.HikariDataSource [Thread-7] HikariPool-2 - Shutdown completed.
